[27-Sep-2024 08:52:28 America/Sao_Paulo] Scheduled Email Data: {"id":3,"name":"Gustavo Ribeiro","recipient_email":"gustavonew2010@gmail.com","subject":"Assunto do Email Teste","html_template":"<h1>Bem-vindo<\/h1><p>Esse \u00e9 o template de e-mail.<\/p>","campaign_id":2,"email_account_id":13,"user_id":1}
[27-Sep-2024 08:54:50 America/Sao_Paulo] PHP Warning:  require_once(C:\Users\gusta\Videos\Projetos\email-tracking-system\app\services/../models/ScheduledEmail.php): Failed to open stream: No such file or directory in C:\Users\gusta\Videos\Projetos\email-tracking-system\app\services\ScheduledEmailService.php on line 7
[27-Sep-2024 08:54:50 America/Sao_Paulo] PHP Fatal error:  Uncaught Error: Failed opening required 'C:\Users\gusta\Videos\Projetos\email-tracking-system\app\services/../models/ScheduledEmail.php' (include_path='.;C:\php\pear') in C:\Users\gusta\Videos\Projetos\email-tracking-system\app\services\ScheduledEmailService.php:7
Stack trace:
#0 C:\Users\gusta\Videos\Projetos\email-tracking-system\app\controllers\ScheduledEmailController.php(5): require()
#1 C:\Users\gusta\Videos\Projetos\email-tracking-system\app\index.php(259): require('C:\\Users\\gusta\\...')
#2 {main}
  thrown in C:\Users\gusta\Videos\Projetos\email-tracking-system\app\services\ScheduledEmailService.php on line 7
[27-Sep-2024 08:54:52 America/Sao_Paulo] PHP Warning:  require_once(C:\Users\gusta\Videos\Projetos\email-tracking-system\app\services/../models/ScheduledEmail.php): Failed to open stream: No such file or directory in C:\Users\gusta\Videos\Projetos\email-tracking-system\app\services\ScheduledEmailService.php on line 7
[27-Sep-2024 08:54:52 America/Sao_Paulo] PHP Fatal error:  Uncaught Error: Failed opening required 'C:\Users\gusta\Videos\Projetos\email-tracking-system\app\services/../models/ScheduledEmail.php' (include_path='.;C:\php\pear') in C:\Users\gusta\Videos\Projetos\email-tracking-system\app\services\ScheduledEmailService.php:7
Stack trace:
#0 C:\Users\gusta\Videos\Projetos\email-tracking-system\app\controllers\ScheduledEmailController.php(5): require()
#1 C:\Users\gusta\Videos\Projetos\email-tracking-system\app\index.php(259): require('C:\\Users\\gusta\\...')
#2 {main}
  thrown in C:\Users\gusta\Videos\Projetos\email-tracking-system\app\services\ScheduledEmailService.php on line 7
[27-Sep-2024 08:55:15 America/Sao_Paulo] Nenhum e-mail agendado encontrado para a campanha com ID 2.
[27-Sep-2024 08:55:21 America/Sao_Paulo] Campanha com ID 1 não existe.
[27-Sep-2024 08:58:50 America/Sao_Paulo] PHP Fatal error:  Uncaught Error: Call to undefined method ScheduledEmail::campaignExists() in C:\Users\gusta\Videos\Projetos\email-tracking-system\app\controllers\ScheduledEmailController.php:26
Stack trace:
#0 C:\Users\gusta\Videos\Projetos\email-tracking-system\app\index.php(261): ScheduledEmailController->sendAllEmails()
#1 {main}
  thrown in C:\Users\gusta\Videos\Projetos\email-tracking-system\app\controllers\ScheduledEmailController.php on line 26
[27-Sep-2024 09:01:46 America/Sao_Paulo] Nenhum e-mail agendado encontrado para a campanha com ID 2.
[27-Sep-2024 09:04:29 America/Sao_Paulo] PHP Fatal error:  Uncaught PDOException: SQLSTATE[42S22]: Column not found: 1054 Unknown column 'title' in 'field list' in C:\Users\gusta\Videos\Projetos\email-tracking-system\app\models\Email.php:49
Stack trace:
#0 C:\Users\gusta\Videos\Projetos\email-tracking-system\app\models\Email.php(49): PDOStatement->execute()
#1 C:\Users\gusta\Videos\Projetos\email-tracking-system\app\services\EmailSyncService.php(74): Email->saveEmail('13', '<otFH5NzTTayyl_...', 'Enviou um docum...', 'Jaian F Menezes...', 'Gustavo Ribeiro...', '------------\r\nJ...', 'Delivered-To: g...', '2024-08-26 07:4...', 'INBOX', 'read', '<otFH5NzTTayyl_...', NULL, NULL, NULL, NULL)
#2 C:\Users\gusta\Videos\Projetos\email-tracking-system\app\controllers\EmailSyncController.php(24): EmailSyncService->syncEmailsByUserIdAndProviderId('1', 1)
#3 C:\Users\gusta\Videos\Projetos\email-tracking-system\app\index.php(149): EmailSyncController->syncEmails()
#4 {main}
  thrown in C:\Users\gusta\Videos\Projetos\email-tracking-system\app\models\Email.php on line 49
[27-Sep-2024 09:05:16 America/Sao_Paulo] PHP Fatal error:  Uncaught PDOException: SQLSTATE[42S22]: Column not found: 1054 Unknown column 'title' in 'field list' in C:\Users\gusta\Videos\Projetos\email-tracking-system\app\models\Email.php:49
Stack trace:
#0 C:\Users\gusta\Videos\Projetos\email-tracking-system\app\models\Email.php(49): PDOStatement->execute()
#1 C:\Users\gusta\Videos\Projetos\email-tracking-system\app\services\EmailSyncService.php(74): Email->saveEmail('13', '<otFH5NzTTayyl_...', 'Enviou um docum...', 'Jaian F Menezes...', 'Gustavo Ribeiro...', '------------\r\nJ...', 'Delivered-To: g...', '2024-08-26 07:4...', 'INBOX', 'read', '<otFH5NzTTayyl_...', NULL, NULL, NULL, NULL)
#2 C:\Users\gusta\Videos\Projetos\email-tracking-system\app\controllers\EmailSyncController.php(24): EmailSyncService->syncEmailsByUserIdAndProviderId('1', 1)
#3 C:\Users\gusta\Videos\Projetos\email-tracking-system\app\index.php(149): EmailSyncController->syncEmails()
#4 {main}
  thrown in C:\Users\gusta\Videos\Projetos\email-tracking-system\app\models\Email.php on line 49
